<?xml version="1.0" encoding="UTF-8"?>
<testng-results skipped="0" failed="0" total="1" passed="1">
  <reporter-output>
  </reporter-output>
  <suite name="Suite" duration-ms="1685" started-at="2017-07-11T09:21:03Z" finished-at="2017-07-11T09:21:04Z">
    <groups>
    </groups>
    <test name="Test1" duration-ms="1685" started-at="2017-07-11T09:21:03Z" finished-at="2017-07-11T09:21:04Z">
      <class name="Membership.Create_Membership">
        <test-method status="PASS" signature="Invoke_Browser()[pri:0, instance:Membership.Create_Membership@61dc03ce]" name="Invoke_Browser" is-config="true" duration-ms="6347" started-at="2017-07-11T11:20:56Z" finished-at="2017-07-11T11:21:03Z">
          <reporter-output>
          </reporter-output>
        </test-method> <!-- Invoke_Browser -->
        <test-method status="PASS" signature="AddMembership()[pri:0, instance:Membership.Create_Membership@61dc03ce]" name="AddMembership" duration-ms="1670" started-at="2017-07-11T11:21:03Z" description="creates membership" finished-at="2017-07-11T11:21:04Z">
          <reporter-output>
          </reporter-output>
        </test-method> <!-- AddMembership -->
      </class> <!-- Membership.Create_Membership -->
    </test> <!-- Test1 -->
  </suite> <!-- Suite -->
</testng-results>
