<?xml version="1.0" encoding="UTF-8"?>
<testng-results skipped="0" failed="0" total="1" passed="1">
  <reporter-output>
  </reporter-output>
  <suite name="Suite" duration-ms="1435" started-at="2017-06-22T08:36:01Z" finished-at="2017-06-22T08:36:02Z">
    <groups>
    </groups>
    <test name="Test" duration-ms="1435" started-at="2017-06-22T08:36:01Z" finished-at="2017-06-22T08:36:02Z">
      <class name="Membership.Create_Membership">
        <test-method status="PASS" signature="Invoke_Browser()[pri:0, instance:Membership.Create_Membership@548e7350]" name="Invoke_Browser" is-config="true" duration-ms="7898" started-at="2017-06-22T10:35:53Z" finished-at="2017-06-22T10:36:01Z">
          <reporter-output>
          </reporter-output>
        </test-method> <!-- Invoke_Browser -->
        <test-method status="PASS" signature="AddMembership()[pri:0, instance:Membership.Create_Membership@548e7350]" name="AddMembership" duration-ms="1422" started-at="2017-06-22T10:36:01Z" description="creates membership" finished-at="2017-06-22T10:36:02Z">
          <reporter-output>
          </reporter-output>
        </test-method> <!-- AddMembership -->
      </class> <!-- Membership.Create_Membership -->
    </test> <!-- Test -->
  </suite> <!-- Suite -->
</testng-results>
