<?xml version="1.0" encoding="UTF-8"?>
<testng-results skipped="0" failed="0" total="1" passed="1">
  <reporter-output>
  </reporter-output>
  <suite name="Suite" duration-ms="2433" started-at="2017-07-11T09:04:57Z" finished-at="2017-07-11T09:04:59Z">
    <groups>
    </groups>
    <test name="Test1" duration-ms="2433" started-at="2017-07-11T09:04:57Z" finished-at="2017-07-11T09:04:59Z">
      <class name="Membership.Create_Membership">
        <test-method status="PASS" signature="Invoke_Browser()[pri:0, instance:Membership.Create_Membership@544fe44c]" name="Invoke_Browser" is-config="true" duration-ms="5972" started-at="2017-07-11T11:04:51Z" finished-at="2017-07-11T11:04:57Z">
          <reporter-output>
          </reporter-output>
        </test-method> <!-- Invoke_Browser -->
        <test-method status="PASS" signature="AddMembership()[pri:0, instance:Membership.Create_Membership@544fe44c]" name="AddMembership" duration-ms="2420" started-at="2017-07-11T11:04:57Z" description="creates membership" finished-at="2017-07-11T11:04:59Z">
          <reporter-output>
          </reporter-output>
        </test-method> <!-- AddMembership -->
      </class> <!-- Membership.Create_Membership -->
    </test> <!-- Test1 -->
  </suite> <!-- Suite -->
</testng-results>
